[INFO] Scanning for projects...
[INFO] 
[INFO] ------------------------< com.tracker:backend >-------------------------
[INFO] Building ActivityTracker 0.0.1-SNAPSHOT
[INFO]   from pom.xml
[INFO] --------------------------------[ jar ]---------------------------------
[INFO] 
[INFO] >>> spring-boot:3.4.1:run (default-cli) > test-compile @ backend >>>
[INFO] 
[INFO] --- resources:3.3.1:resources (default-resources) @ backend ---
[INFO] Copying 1 resource from src/main/resources to target/classes
[INFO] Copying 0 resource from src/main/resources to target/classes
[INFO] 
[INFO] --- compiler:3.13.0:compile (default-compile) @ backend ---
[INFO] Nothing to compile - all classes are up to date.
[INFO] 
[INFO] --- resources:3.3.1:testResources (default-testResources) @ backend ---
[INFO] skip non existing resourceDirectory /media/talha/Data/development/activity tracker/activity tracker next js/backend/src/test/resources
[INFO] 
[INFO] --- compiler:3.13.0:testCompile (default-testCompile) @ backend ---
[INFO] Nothing to compile - all classes are up to date.
[INFO] 
[INFO] <<< spring-boot:3.4.1:run (default-cli) < test-compile @ backend <<<
[INFO] 
[INFO] 
[INFO] --- spring-boot:3.4.1:run (default-cli) @ backend ---
[INFO] Attaching agents: []

  .   ____          _            __ _ _
 /\\ / ___'_ __ _ _(_)_ __  __ _ \ \ \ \
( ( )\___ | '_ | '_| | '_ \/ _` | \ \ \ \
 \\/  ___)| |_)| | | | | || (_| |  ) ) ) )
  '  |____| .__|_| |_|_| |_\__, | / / / /
 =========|_|==============|___/=/_/_/_/

 :: Spring Boot ::                (v3.4.1)

2026-04-24T15:39:22.967+05:00  INFO 1467720 --- [           main] c.t.backend.ActivityTrackerApplication   : Starting ActivityTrackerApplication using Java 21.0.2 with PID 1467720 (/media/talha/Data/development/activity tracker/activity tracker next js/backend/target/classes started by talha in /media/talha/Data/development/activity tracker/activity tracker next js/backend)
2026-04-24T15:39:22.968+05:00  INFO 1467720 --- [           main] c.t.backend.ActivityTrackerApplication   : No active profile set, falling back to 1 default profile: "default"
2026-04-24T15:39:23.302+05:00  INFO 1467720 --- [           main] .s.d.r.c.RepositoryConfigurationDelegate : Bootstrapping Spring Data JPA repositories in DEFAULT mode.
2026-04-24T15:39:23.335+05:00  INFO 1467720 --- [           main] .s.d.r.c.RepositoryConfigurationDelegate : Finished Spring Data repository scanning in 26 ms. Found 3 JPA repository interfaces.
2026-04-24T15:39:23.626+05:00  INFO 1467720 --- [           main] o.s.b.w.embedded.tomcat.TomcatWebServer  : Tomcat initialized with port 8080 (http)
2026-04-24T15:39:23.635+05:00  INFO 1467720 --- [           main] o.apache.catalina.core.StandardService   : Starting service [Tomcat]
2026-04-24T15:39:23.635+05:00  INFO 1467720 --- [           main] o.apache.catalina.core.StandardEngine    : Starting Servlet engine: [Apache Tomcat/10.1.34]
2026-04-24T15:39:23.661+05:00  INFO 1467720 --- [           main] o.a.c.c.C.[Tomcat].[localhost].[/]       : Initializing Spring embedded WebApplicationContext
2026-04-24T15:39:23.662+05:00  INFO 1467720 --- [           main] w.s.c.ServletWebServerApplicationContext : Root WebApplicationContext: initialization completed in 672 ms
2026-04-24T15:39:23.737+05:00  INFO 1467720 --- [           main] o.hibernate.jpa.internal.util.LogHelper  : HHH000204: Processing PersistenceUnitInfo [name: default]
2026-04-24T15:39:23.759+05:00  INFO 1467720 --- [           main] org.hibernate.Version                    : HHH000412: Hibernate ORM core version 6.6.4.Final
2026-04-24T15:39:23.773+05:00  INFO 1467720 --- [           main] o.h.c.internal.RegionFactoryInitiator    : HHH000026: Second-level cache disabled
2026-04-24T15:39:23.882+05:00  INFO 1467720 --- [           main] o.s.o.j.p.SpringPersistenceUnitInfo      : No LoadTimeWeaver setup: ignoring JPA class transformer
2026-04-24T15:39:23.908+05:00  INFO 1467720 --- [           main] com.zaxxer.hikari.HikariDataSource       : HikariPool-1 - Starting...
2026-04-24T15:39:24.081+05:00  INFO 1467720 --- [           main] com.zaxxer.hikari.pool.HikariPool        : HikariPool-1 - Added connection com.mysql.cj.jdbc.ConnectionImpl@4e6cbdf1
2026-04-24T15:39:24.082+05:00  INFO 1467720 --- [           main] com.zaxxer.hikari.HikariDataSource       : HikariPool-1 - Start completed.
2026-04-24T15:39:24.122+05:00  INFO 1467720 --- [           main] org.hibernate.orm.connections.pooling    : HHH10001005: Database info:
	Database JDBC URL [Connecting through datasource 'HikariDataSource (HikariPool-1)']
	Database driver: undefined/unknown
	Database version: 8.0.45
	Autocommit mode: undefined/unknown
	Isolation level: undefined/unknown
	Minimum pool size: undefined/unknown
	Maximum pool size: undefined/unknown
2026-04-24T15:39:24.548+05:00  INFO 1467720 --- [           main] o.h.e.t.j.p.i.JtaPlatformInitiator       : HHH000489: No JTA platform available (set 'hibernate.transaction.jta.platform' to enable JTA platform integration)
2026-04-24T15:39:24.586+05:00  INFO 1467720 --- [           main] j.LocalContainerEntityManagerFactoryBean : Initialized JPA EntityManagerFactory for persistence unit 'default'
2026-04-24T15:39:24.864+05:00  INFO 1467720 --- [           main] eAuthenticationProviderManagerConfigurer : Global AuthenticationManager configured with AuthenticationProvider bean with name authenticationProvider
2026-04-24T15:39:24.865+05:00  WARN 1467720 --- [           main] r$InitializeUserDetailsManagerConfigurer : Global AuthenticationManager configured with an AuthenticationProvider bean. UserDetailsService beans will not be used by Spring Security for automatically configuring username/password login. Consider removing the AuthenticationProvider bean. Alternatively, consider using the UserDetailsService in a manually instantiated DaoAuthenticationProvider. If the current configuration is intentional, to turn off this warning, increase the logging level of 'org.springframework.security.config.annotation.authentication.configuration.InitializeUserDetailsBeanManagerConfigurer' to ERROR
2026-04-24T15:39:24.874+05:00  WARN 1467720 --- [           main] JpaBaseConfiguration$JpaWebConfiguration : spring.jpa.open-in-view is enabled by default. Therefore, database queries may be performed during view rendering. Explicitly configure spring.jpa.open-in-view to disable this warning
2026-04-24T15:39:25.152+05:00  INFO 1467720 --- [           main] o.s.b.w.embedded.tomcat.TomcatWebServer  : Tomcat started on port 8080 (http) with context path '/'
2026-04-24T15:39:25.158+05:00  INFO 1467720 --- [           main] c.t.backend.ActivityTrackerApplication   : Started ActivityTrackerApplication in 2.38 seconds (process running for 2.538)
2026-04-24T15:39:43.098+05:00  INFO 1467720 --- [nio-8080-exec-1] o.a.c.c.C.[Tomcat].[localhost].[/]       : Initializing Spring DispatcherServlet 'dispatcherServlet'
2026-04-24T15:39:43.098+05:00  INFO 1467720 --- [nio-8080-exec-1] o.s.web.servlet.DispatcherServlet        : Initializing Servlet 'dispatcherServlet'
2026-04-24T15:39:43.099+05:00  INFO 1467720 --- [nio-8080-exec-1] o.s.web.servlet.DispatcherServlet        : Completed initialization in 1 ms
Invalid JWT token: JWT strings must contain exactly 2 period characters. Found: 0
Invalid JWT token: JWT strings must contain exactly 2 period characters. Found: 0
Invalid JWT token: JWT strings must contain exactly 2 period characters. Found: 0
Invalid JWT token: JWT strings must contain exactly 2 period characters. Found: 0
Invalid JWT token: JWT strings must contain exactly 2 period characters. Found: 0
Invalid JWT token: JWT strings must contain exactly 2 period characters. Found: 0
Invalid JWT token: JWT strings must contain exactly 2 period characters. Found: 0
Invalid JWT token: JWT strings must contain exactly 2 period characters. Found: 0
Invalid JWT token: JWT strings must contain exactly 2 period characters. Found: 0
Invalid JWT token: JWT strings must contain exactly 2 period characters. Found: 0
Invalid JWT token: JWT strings must contain exactly 2 period characters. Found: 0
Invalid JWT token: JWT strings must contain exactly 2 period characters. Found: 0
Invalid JWT token: JWT strings must contain exactly 2 period characters. Found: 0
